<?xml version="1.0" encoding="UTF-8"?>
<testng-results ignored="0" total="1" passed="1" failed="0" skipped="0">
  <reporter-output>
  </reporter-output>
  <suite started-at="2021-04-01T04:19:01Z" name="Default suite" finished-at="2021-04-01T04:19:08Z" duration-ms="6938">
    <groups>
    </groups>
    <test started-at="2021-04-01T04:19:01Z" name="Default test" finished-at="2021-04-01T04:19:08Z" duration-ms="6938">
      <class name="com.login.hubSpot.Login">
        <test-method is-config="true" signature="setup()[pri:0, instance:com.login.hubSpot.Login@1b45c0e]" started-at="2021-04-01T04:19:01Z" name="setup" finished-at="2021-04-01T04:19:08Z" duration-ms="6263" status="PASS">
          <reporter-output>
          </reporter-output>
        </test-method> <!-- setup -->
        <test-method signature="titleTest()[pri:0, instance:com.login.hubSpot.Login@1b45c0e]" started-at="2021-04-01T04:19:08Z" name="titleTest" finished-at="2021-04-01T04:19:08Z" duration-ms="62" status="PASS">
          <reporter-output>
          </reporter-output>
        </test-method> <!-- titleTest -->
        <test-method is-config="true" signature="quitBrowser()[pri:0, instance:com.login.hubSpot.Login@1b45c0e]" started-at="2021-04-01T04:19:08Z" name="quitBrowser" finished-at="2021-04-01T04:19:08Z" duration-ms="591" status="PASS">
          <reporter-output>
          </reporter-output>
        </test-method> <!-- quitBrowser -->
      </class> <!-- com.login.hubSpot.Login -->
    </test> <!-- Default test -->
  </suite> <!-- Default suite -->
</testng-results>
